[Licensing::Module] Trying to connect to existing licensing client channel...
[Licensing::IpcConnector] Successfully connected to: "LicenseClient-ilya" at "2026-06-12T13:11:05.3220817Z"
Built from '6000.4/staging' branch; Version is '6000.4.8f1 (f8b72d3d7343) revision 16299821'; Using compiler version '194234433'; Build Type 'Release'
OS: 'Windows 11  (10.0.26200) Professional' Language: 'ru' Physical Memory: 24184 MB
BatchMode: 1, IsHumanControllingUs: 0, StartBugReporterOnCrash: 0, Is64bit: 1
System  architecture: x64
Process architecture: x64
Date: 2026-06-12T13:11:05Z

COMMAND LINE ARGUMENTS:
C:\Program Files\Unity\Hub\Editor\6000.4.8f1\Editor\Unity.exe
-adb2
-batchMode
-noUpm
-name
AssetImportWorker0
-projectPath
C:/Users/ilya/Documents/GitHub/cybershi
-logFile
Logs/AssetImportWorker0.log
-srvPort
55495
-licensingIpc
LicenseClient-ilya
-force-d3d12
-job-worker-count
11
-background-job-worker-count
8
-gc-helper-count
1
-name
AssetImport
Successfully changed project path to: C:/Users/ilya/Documents/GitHub/cybershi
C:/Users/ilya/Documents/GitHub/cybershi
[UnityMemory] Configuration Parameters - Can be set up in boot.config
    "memorysetup-temp-allocator-size-gi-baking-worker=262144"
    "memorysetup-temp-allocator-size-gi-baking-worker=262144"
    "memorysetup-temp-allocator-size-gi-baking-worker=262144"
    "memorysetup-temp-allocator-size-gi-baking-worker=262144"
    "memorysetup-temp-allocator-size-gi-baking-worker=262144"
    "memorysetup-temp-allocator-size-nav-mesh-worker=65536"
    "memorysetup-temp-allocator-size-audio-worker=65536"
    "memorysetup-temp-allocator-size-cloud-worker=32768"
    "memorysetup-temp-allocator-size-gfx=262144"
    "memorysetup-temp-allocator-size-preload-manager=33554432"
    "memorysetup-temp-allocator-size-job-worker=262144"
    "memorysetup-temp-allocator-size-background-worker=32768"
    "memorysetup-allocator-temp-initial-block-size-main=262144"
    "memorysetup-allocator-temp-initial-block-size-worker=262144"
    "memorysetup-bucket-allocator-granularity=16"
    "memorysetup-bucket-allocator-bucket-count=8"
    "memorysetup-bucket-allocator-block-size=33554432"
    "memorysetup-bucket-allocator-block-count=8"
    "memorysetup-main-allocator-block-size=16777216"
    "memorysetup-thread-allocator-block-size=16777216"
    "memorysetup-gfx-main-allocator-block-size=16777216"
    "memorysetup-gfx-thread-allocator-block-size=16777216"
    "memorysetup-cache-allocator-block-size=4194304"
    "memorysetup-typetree-allocator-block-size=2097152"
    "memorysetup-profiler-bucket-allocator-granularity=16"
    "memorysetup-profiler-bucket-allocator-bucket-count=8"
    "memorysetup-profiler-bucket-allocator-block-size=33554432"
    "memorysetup-profiler-bucket-allocator-block-count=8"
    "memorysetup-profiler-allocator-block-size=16777216"
    "memorysetup-profiler-editor-allocator-block-size=1048576"
    "memorysetup-temp-allocator-size-main=16777216"
    "memorysetup-job-temp-allocator-block-size=2097152"
    "memorysetup-job-temp-allocator-block-size-background=1048576"
    "memorysetup-job-temp-allocator-reduction-small-platforms=262144"
Player connection [26644]  Target information:

Player connection [26644]  * "[IP] 192.168.1.163 [Port] 0 [Flags] 2 [Guid] 1337561653 [EditorId] 1337561653 [Version] 1048832 [Id] WindowsEditor(7,DESKTOP-LHD7GJB) [Debug] 1 [PackageName] WindowsEditor [ProjectName] Editor" 

Player connection [26644]  * "[IP] 169.254.83.107 [Port] 0 [Flags] 2 [Guid] 1337561653 [EditorId] 1337561653 [Version] 1048832 [Id] WindowsEditor(7,DESKTOP-LHD7GJB) [Debug] 1 [PackageName] WindowsEditor [ProjectName] Editor" 

Player connection [26644] Host joined multi-casting on [225.0.0.222:54997]...
Player connection [26644] Host joined alternative multi-casting on [225.0.0.222:34997]...
JobSystem: Creating JobQueue using job-worker-count value 11
Input System module state changed to: Initialized.
[Physics::Module] Initialized fallback backend.
[Physics::Module] Id: 0xdecafbad
Library Redirect Path: Library/
[Physics::Module] Selected backend.
[Physics::Module] Name: PhysX
[Physics::Module] Id: 0xf2b8ea05
[Physics::Module] SDK Version: 4.1.2
[Physics::Module] Integration Version: 1.0.0
[Physics::Module] Threading Mode: Multi-Threaded
Initialize engine version: 6000.4.8f1 (f8b72d3d7343)
[Subsystems] Discovering subsystems at path C:/Program Files/Unity/Hub/Editor/6000.4.8f1/Editor/Data/Resources/UnitySubsystems
[Subsystems] Discovering subsystems at path C:/Users/ilya/Documents/GitHub/cybershi/Assets
Forcing GfxDevice: Direct3D 12
GfxDevice: creating device client; kGfxThreadingModeNonThreaded
d3d12: failed to query info queue interface (0x80004002).
Direct3D:
    Version:         Direct3D 12 [level 12.2]
    Renderer:        AMD Radeon(TM) 890M Graphics (ID=0x150e)
    Vendor:          ATI
    VRAM:            12092 MB
    App VRAM Budget: 19344 MB
    Driver:          32.0.31007.5012
    Unified Memory Architecture
Initialize mono
Mono path[0] = 'C:/Program Files/Unity/Hub/Editor/6000.4.8f1/Editor/Data/Managed'
Mono path[1] = 'C:/Program Files/Unity/Hub/Editor/6000.4.8f1/Editor/Data/MonoBleedingEdge/lib/mono/unityjit-win32'
Mono config path = 'C:/Program Files/Unity/Hub/Editor/6000.4.8f1/Editor/Data/MonoBleedingEdge/etc'
Using monoOptions --debugger-agent=transport=dt_socket,embedding=1,server=y,suspend=n,address=127.0.0.1:56668
CodeReloadManager initialized
Begin MonoManager ReloadAssembly
Registering precompiled unity dll's ...
Register platform support module: C:/Program Files/Unity/Hub/Editor/6000.4.8f1/Editor/Data/PlaybackEngines/WebGLSupport/UnityEditor.WebGL.Extensions.dll
Register platform support module: C:/Program Files/Unity/Hub/Editor/6000.4.8f1/Editor/Data/PlaybackEngines/WindowsStandaloneSupport/UnityEditor.WindowsStandalone.Extensions.dll
Registered in 0.002280 seconds.
Native extension for WindowsStandalone target not found
Native extension for WebGL target not found
Package Manager log level set to [2]
[Package Manager] Failed to launch server process. Reason: Unity was launched with the -noUpm command-line argument
[Package Manager] Unable to send message (not connected to server process).
[Package Manager] Cannot connect to Unity Package Manager local server
ScheduleIndexationOnStartup MainProcess:False IndexOnStartup:True
Mono: successfully reloaded assembly
- Finished resetting the current domain, in  0.327 seconds
Domain Reload Profiling: 707ms
	BeginReloadAssembly (117ms)
	RebuildCommonClasses (33ms)
	RebuildNativeTypeToScriptingClass (14ms)
	initialDomainReloadingComplete (56ms)
	LoadAllAssembliesAndSetupDomain (159ms)
		LoadAssemblies (114ms)
		AnalyzeDomain (152ms)
			TypeCache.Refresh (150ms)
				TypeCache.ScanAssembly (140ms)
	FinalizeReload (328ms)
		SetupLoadedEditorAssemblies (0ms)
			InitializePlatformSupportModulesInManaged (37ms)
			BeforeProcessingInitializeOnLoad (77ms)
			ProcessInitializeOnLoadAttributes (101ms)
			ProcessInitializeOnLoadMethodAttributes (61ms)
========================================================================
Worker process is ready to serve import requests
Import Worker Mode flag is 0x00
Begin MonoManager ReloadAssembly
[Licensing::Module] Licensing is not yet initialized.
[Licensing::Client] Error: HandshakeResponse reported an error:
	ResponseCode: 505
	ResponseStatus: Unsupported protocol version '1.18.1'.
[Licensing::Module] Error: Failed to handshake to channel: "LicenseClient-ilya"
[Licensing::IpcConnector] LicenseClient-ilya channel disconnected successfully.
[Licensing::IpcConnector] Successfully connected to: "LicenseClient-ilya-6000.4.8" at "2026-06-12T13:11:06.9268511Z"
[Licensing::Client] Code 10 while verifying Licensing Client signature (process Id: 2440, path: "C:/Program Files/Unity/Hub/Editor/6000.4.8f1/Editor/Data/Resources/Licensing/Client/Unity.Licensing.Client.exe")
[Licensing::Module] LicensingClient has failed validation; ignoring
[Licensing::Client] Handshaking with LicensingClient:
  Version:                 1.18.1+9fbee8e
  Session Id:              8645213671184c9798e1d1ccb357ea91
  Correlation Id:          127a695c2c75f0c8603b0ea323bd99ec
  External correlation Id: 145609846871369707
  Machine Id:              80SYv2LEMI7j7lpo2mJgSo5HpMU=
[Licensing::Module] Successfully connected to LicensingClient on channel: "LicenseClient-ilya-6000.4.8" (connect: 0.00s, validation: 0.00s, handshake: 0.01s)
[Licensing::IpcConnector] Successfully connected to: "LicenseClient-ilya-6000.4.8-notifications" at "2026-06-12T13:11:06.9355003Z"
[Licensing::Module] Licensing Background thread has ended after 1.61s
[Licensing::Module] Licensing is initialized (took 0.03s).
[Licensing::Client] Successfully resolved entitlement details
[Licensing::Module] License group:
  Id: 18966820669335-UnityPersXXXX
  Product: Unity Personal
  Type: Assigned
  Expiration: Unlimited
Duplicate assembly 'System.Runtime.CompilerServices.Unsafe.dll' with different versions detected, using 'Packages/com.unity.ai.assistant/Plugins/Shared/System.Runtime.CompilerServices.Unsafe.dll, AssemblyName=System.Runtime.CompilerServices.Unsafe, Version=6.0.3.0, Culture=neutral, PublicKeyToken=b03f5f7f11d50a3a' and ignoring 'Packages/com.unity.collections/Unity.Collections.Tests/System.Runtime.CompilerServices.Unsafe/System.Runtime.CompilerServices.Unsafe.dll, AssemblyName=System.Runtime.CompilerServices.Unsafe, Version=6.0.0.0, Culture=neutral, PublicKeyToken=b03f5f7f11d50a3a'.Assembly Assembly-CSharp-Editor-firstpass.dll at Library/ScriptAssemblies/Assembly-CSharp-Editor-firstpass.dll not valid. Loading of assembly skipped.
Assembly Assembly-CSharp-Editor.dll at Library/ScriptAssemblies/Assembly-CSharp-Editor.dll not valid. Loading of assembly skipped.
Assembly Assembly-CSharp-firstpass.dll at Library/ScriptAssemblies/Assembly-CSharp-firstpass.dll not valid. Loading of assembly skipped.
Assembly TestNewCustomAssembly.dll at Library/ScriptAssemblies/TestNewCustomAssembly.dll not valid. Loading of assembly skipped.
Assembly Unity.2D.Sprite.Package.EditorTests.dll at Library/ScriptAssemblies/Unity.2D.Sprite.Package.EditorTests.dll not valid. Loading of assembly skipped.
Assembly Unity.AI.Assistant.Integrations.Sample.Editor.dll at Library/ScriptAssemblies/Unity.AI.Assistant.Integrations.Sample.Editor.dll not valid. Loading of assembly skipped.
Assembly Unity.AppUI.Editor.Tests.dll at Library/ScriptAssemblies/Unity.AppUI.Editor.Tests.dll not valid. Loading of assembly skipped.
Assembly Unity.AppUI.Tests.dll at Library/ScriptAssemblies/Unity.AppUI.Tests.dll not valid. Loading of assembly skipped.
Assembly Unity.Collections.BurstCompatibilityGen.dll at Library/ScriptAssemblies/Unity.Collections.BurstCompatibilityGen.dll not valid. Loading of assembly skipped.
Assembly Unity.Collections.DocCodeSamples.dll at Library/ScriptAssemblies/Unity.Collections.DocCodeSamples.dll not valid. Loading of assembly skipped.
Assembly Unity.Collections.PerformanceTests.dll at Library/ScriptAssemblies/Unity.Collections.PerformanceTests.dll not valid. Loading of assembly skipped.
Assembly Unity.Collections.Tests.dll at Library/ScriptAssemblies/Unity.Collections.Tests.dll not valid. Loading of assembly skipped.
Assembly Unity.Collections.Tests.Playmode.dll at Library/ScriptAssemblies/Unity.Collections.Tests.Playmode.dll not valid. Loading of assembly skipped.
Assembly Unity.Mathematics.Tests.dll at Library/ScriptAssemblies/Unity.Mathematics.Tests.dll not valid. Loading of assembly skipped.
Assembly Unity.Multiplayer.Center.Editor.Tests.dll at Library/ScriptAssemblies/Unity.Multiplayer.Center.Editor.Tests.dll not valid. Loading of assembly skipped.
Assembly Unity.Multiplayer.Center.Tests.dll at Library/ScriptAssemblies/Unity.Multiplayer.Center.Tests.dll not valid. Loading of assembly skipped.
Assembly Unity.Nuget.Mono-Cecil.dll at Library/ScriptAssemblies/Unity.Nuget.Mono-Cecil.dll not valid. Loading of assembly skipped.
Assembly Unity.TextMeshPro.Editor.Tests.dll at Library/ScriptAssemblies/Unity.TextMeshPro.Editor.Tests.dll not valid. Loading of assembly skipped.
Assembly Unity.TextMeshPro.Tests.dll at Library/ScriptAssemblies/Unity.TextMeshPro.Tests.dll not valid. Loading of assembly skipped.
Assembly UnityEditor.UI.Common.Tests.dll at Library/ScriptAssemblies/UnityEditor.UI.Common.Tests.dll not valid. Loading of assembly skipped.
Assembly UnityEditor.UI.EditorTests.dll at Library/ScriptAssemblies/UnityEditor.UI.EditorTests.dll not valid. Loading of assembly skipped.
Assembly UnityEngine.UI.Tests.dll at Library/ScriptAssemblies/UnityEngine.UI.Tests.dll not valid. Loading of assembly skipped.
Symbol file LoadedFromMemory is not a mono symbol file
Symbol file LoadedFromMemory is not a mono symbol file
Refreshing native plugins compatible for Editor in 2.10 ms, found 1 plugins.
Native extension for WindowsStandalone target not found
Native extension for WebGL target not found
[Package Manager] Failed to launch server process. Reason: Unity was launched with the -noUpm command-line argument
[Package Manager] Unable to send message (not connected to server process).
[Package Manager] Cannot connect to Unity Package Manager local server
Duplicate assembly 'System.Runtime.CompilerServices.Unsafe.dll' with different versions detected, using 'Packages/com.unity.ai.assistant/Plugins/Shared/System.Runtime.CompilerServices.Unsafe.dll, AssemblyName=System.Runtime.CompilerServices.Unsafe, Version=6.0.3.0, Culture=neutral, PublicKeyToken=b03f5f7f11d50a3a' and ignoring 'Packages/com.unity.collections/Unity.Collections.Tests/System.Runtime.CompilerServices.Unsafe/System.Runtime.CompilerServices.Unsafe.dll, AssemblyName=System.Runtime.CompilerServices.Unsafe, Version=6.0.0.0, Culture=neutral, PublicKeyToken=b03f5f7f11d50a3a'.[Licensing::Client] Error: Code 404 while processing request (status: Found 0 entitlement groups and 0 free entitlements matching requested entitlement ids)
[Licensing::Client] Error: Code 404 while processing request (status: Found 0 entitlement groups and 0 free entitlements matching requested entitlement ids)
[Licensing::Client] Error: Code 404 while processing request (status: Found 0 entitlement groups and 0 free entitlements matching requested entitlement ids)
ScheduleIndexationOnStartup MainProcess:False IndexOnStartup:True
Mono: successfully reloaded assembly
- Finished resetting the current domain, in  0.919 seconds
Domain Reload Profiling: 1563ms
	BeginReloadAssembly (158ms)
		DisableScriptedObjects (3ms)
		CreateAndSetChildDomain (31ms)
	RebuildCommonClasses (25ms)
	RebuildNativeTypeToScriptingClass (9ms)
	initialDomainReloadingComplete (66ms)
	LoadAllAssembliesAndSetupDomain (385ms)
		LoadAssemblies (254ms)
		AnalyzeDomain (187ms)
			TypeCache.Refresh (160ms)
				TypeCache.ScanAssembly (148ms)
			BuildScriptInfoCaches (24ms)
	FinalizeReload (919ms)
		SetupLoadedEditorAssemblies (0ms)
			BeforeProcessingInitializeOnLoad (121ms)
			ProcessInitializeOnLoadAttributes (528ms)
			ProcessInitializeOnLoadMethodAttributes (169ms)
			AfterProcessingInitializeOnLoad (5ms)
		AwakeInstancesAfterBackupRestoration (5ms)
Launched and connected shader compiler UnityShaderCompiler.exe after 0.01 seconds
Unloading 43 Unused Serialized files (Serialized files now loaded: 0)
Unloading 4931 unused Assets / (16.4 MB). Loaded Objects now: 5550.
Memory consumption went from 139.7 MB to 123.3 MB.
Total: 15.648700 ms (FindLiveObjects: 0.623000 ms CreateObjectMapping: 0.449900 ms MarkObjects: 10.411800 ms  DeleteObjects: 4.160100 ms)

========================================================================
Received Import Request.
  Time since last request: 93665.470361 seconds.
  path: Assets/Scenes/SampleArena.unity
  importAddress: Guid(e144abd3b6725ff43a626dfb46c00a33) Importer(2089858483,b0f066a214c2f5e87bad3c948f4d605d)
Start importing Assets/Scenes/SampleArena.unity using Guid(e144abd3b6725ff43a626dfb46c00a33) Importer(2089858483,b0f066a214c2f5e87bad3c948f4d605d) (ScriptedImporter) -> (Import Result ID: '2c7beba4c5da5da967427bdb946c4160') in 0.0583409 seconds [static and dynamic dependencies]. Details - ImportResultOutputID=3d70c8fb88f510a8c2c291cd3d9ca50d DependenciesID=97c5b2c53ec5945e62e5e7e14d87e7f8 StaticDependenciesID=99fe7dbf4b3e53b10e79f3f715118326 
Number of updated asset objects reloaded before import = 0Number of asset objects unloaded after import = 1

========================================================================
Received Import Request.
  Time since last request: 0.000033 seconds.
  path: Assets/Prefabs/PongBall.prefab
  importAddress: Guid(37a416af21f0e9747bdecee82b2ec3a6) Importer(2089858483,b0f066a214c2f5e87bad3c948f4d605d)
Start importing Assets/Prefabs/PongBall.prefab using Guid(37a416af21f0e9747bdecee82b2ec3a6) Importer(2089858483,b0f066a214c2f5e87bad3c948f4d605d) (ScriptedImporter)SendMessage cannot be called during Awake, CheckConsistency, or OnValidate (Visual: OnSpriteRendererBoundsChanged)
UnityEngine.Debug:ExtractStackTraceNoAlloc (byte*,int,string)
UnityEngine.StackTraceUtility:ExtractStackTrace ()
UnityEngine.SpriteRenderer:set_sprite (UnityEngine.Sprite)
Cybershi.PlaceholderVisual:Apply () (at Assets/Scripts/Visuals/PlaceholderVisual.cs:38)
Cybershi.PlaceholderVisual:OnValidate () (at Assets/Scripts/Visuals/PlaceholderVisual.cs:31)
UnityEditor.AssetDatabase:LoadAssetAtPath (string,System.Type)
UnityEditor.AssetDatabase:LoadAssetAtPath<UnityEngine.GameObject> (string)
UnityEditor.Search.AssetIndexer:IndexDocument (string,bool)
UnityEditor.Search.SearchIndexArtifactImporter:OnImportAsset (UnityEditor.AssetImporters.AssetImportContext)
UnityEditor.AssetImporters.ScriptedImporter:GenerateAssetData (UnityEditor.AssetImporters.AssetImportContext)

[Assets/Scripts/Visuals/PlaceholderVisual.cs line 38]

SendMessage cannot be called during Awake, CheckConsistency, or OnValidate (Visual: OnSpriteTilingPropertyChange)
UnityEngine.Debug:ExtractStackTraceNoAlloc (byte*,int,string)
UnityEngine.StackTraceUtility:ExtractStackTrace ()
UnityEngine.SpriteRenderer:set_sprite (UnityEngine.Sprite)
Cybershi.PlaceholderVisual:Apply () (at Assets/Scripts/Visuals/PlaceholderVisual.cs:38)
Cybershi.PlaceholderVisual:OnValidate () (at Assets/Scripts/Visuals/PlaceholderVisual.cs:31)
UnityEditor.AssetDatabase:LoadAssetAtPath (string,System.Type)
UnityEditor.AssetDatabase:LoadAssetAtPath<UnityEngine.GameObject> (string)
UnityEditor.Search.AssetIndexer:IndexDocument (string,bool)
UnityEditor.Search.SearchIndexArtifactImporter:OnImportAsset (UnityEditor.AssetImporters.AssetImportContext)
UnityEditor.AssetImporters.ScriptedImporter:GenerateAssetData (UnityEditor.AssetImporters.AssetImportContext)

[Assets/Scripts/Visuals/PlaceholderVisual.cs line 38]

SendMessage cannot be called during Awake, CheckConsistency, or OnValidate (Visual: OnSpriteRendererBoundsChanged)
UnityEngine.Debug:ExtractStackTraceNoAlloc (byte*,int,string)
UnityEngine.StackTraceUtility:ExtractStackTrace ()
UnityEngine.SpriteRenderer:set_sprite (UnityEngine.Sprite)
Cybershi.PlaceholderVisual:Apply () (at Assets/Scripts/Visuals/PlaceholderVisual.cs:38)
Cybershi.PlaceholderVisual:OnValidate () (at Assets/Scripts/Visuals/PlaceholderVisual.cs:31)
UnityEditor.AssetDatabase:LoadAssetAtPath (string,System.Type)
UnityEditor.AssetDatabase:LoadAssetAtPath<UnityEngine.GameObject> (string)
UnityEditor.Search.AssetIndexer:IndexDocument (string,bool)
UnityEditor.Search.SearchIndexArtifactImporter:OnImportAsset (UnityEditor.AssetImporters.AssetImportContext)
UnityEditor.AssetImporters.ScriptedImporter:GenerateAssetData (UnityEditor.AssetImporters.AssetImportContext)

[Assets/Scripts/Visuals/PlaceholderVisual.cs line 38]

SendMessage cannot be called during Awake, CheckConsistency, or OnValidate (Visual: OnSpriteTilingPropertyChange)
UnityEngine.Debug:ExtractStackTraceNoAlloc (byte*,int,string)
UnityEngine.StackTraceUtility:ExtractStackTrace ()
UnityEngine.SpriteRenderer:set_sprite (UnityEngine.Sprite)
Cybershi.PlaceholderVisual:Apply () (at Assets/Scripts/Visuals/PlaceholderVisual.cs:38)
Cybershi.PlaceholderVisual:OnValidate () (at Assets/Scripts/Visuals/PlaceholderVisual.cs:31)
UnityEditor.AssetDatabase:LoadAssetAtPath (string,System.Type)
UnityEditor.AssetDatabase:LoadAssetAtPath<UnityEngine.GameObject> (string)
UnityEditor.Search.AssetIndexer:IndexDocument (string,bool)
UnityEditor.Search.SearchIndexArtifactImporter:OnImportAsset (UnityEditor.AssetImporters.AssetImportContext)
UnityEditor.AssetImporters.ScriptedImporter:GenerateAssetData (UnityEditor.AssetImporters.AssetImportContext)

[Assets/Scripts/Visuals/PlaceholderVisual.cs line 38]

 -> (Import Result ID: 'bc7f6a33e5d5fa5d9e9d991b8e6c72d8') in 0.0648612 seconds [static and dynamic dependencies]. Details - ImportResultOutputID=550c16fc10d8291edd5ec62d87eab2ed DependenciesID=ad0a3396789f70b79c1c5747968a5fd2 StaticDependenciesID=4c8558a8c497af3c5563007b38f2a5fa 
Number of updated asset objects reloaded before import = 0Number of asset objects unloaded after import = 17

========================================================================
Received Import Request.
  Time since last request: 145.070217 seconds.
  path: Assets/Scripts/UI/MainMenuController.cs
  importAddress: Guid(c8569c49b5cbb354aa5541114a4f3391) Importer(815301076,1909f56bfc062723c751e8b465ee728b)
Start importing Assets/Scripts/UI/MainMenuController.cs using Guid(c8569c49b5cbb354aa5541114a4f3391) Importer(815301076,1909f56bfc062723c751e8b465ee728b) (PreviewImporter) -> (Import Result ID: '2a06ab15e25ae75213bcd06faef362db') in 0.0008695 seconds [static and dynamic dependencies]. Details - ImportResultOutputID=b373a537f2f0cd20de85f8f19918322e DependenciesID=9fa269aea4064257b53fcc75c5600312 StaticDependenciesID=80b78d77397e301692f9f589493ec190 
Number of updated asset objects reloaded before import = 0Number of asset objects unloaded after import = 0

========================================================================
Received Import Request.
  Time since last request: 426.335560 seconds.
  path: Assets/Prefabs/Boss.prefab
  importAddress: Guid(e14b74b7aa6a71349b5f0be9ebc24df0) Importer(815301076,1909f56bfc062723c751e8b465ee728b)
Start importing Assets/Prefabs/Boss.prefab using Guid(e14b74b7aa6a71349b5f0be9ebc24df0) Importer(815301076,1909f56bfc062723c751e8b465ee728b) (PreviewImporter)SendMessage cannot be called during Awake, CheckConsistency, or OnValidate (Visual: OnSpriteRendererBoundsChanged)
UnityEngine.Debug:ExtractStackTraceNoAlloc (byte*,int,string)
UnityEngine.StackTraceUtility:ExtractStackTrace ()
UnityEngine.SpriteRenderer:set_sprite (UnityEngine.Sprite)
Cybershi.PlaceholderVisual:Apply () (at Assets/Scripts/Visuals/PlaceholderVisual.cs:38)
Cybershi.PlaceholderVisual:OnValidate () (at Assets/Scripts/Visuals/PlaceholderVisual.cs:31)

[Assets/Scripts/Visuals/PlaceholderVisual.cs line 38]

SendMessage cannot be called during Awake, CheckConsistency, or OnValidate (Visual: OnSpriteTilingPropertyChange)
UnityEngine.Debug:ExtractStackTraceNoAlloc (byte*,int,string)
UnityEngine.StackTraceUtility:ExtractStackTrace ()
UnityEngine.SpriteRenderer:set_sprite (UnityEngine.Sprite)
Cybershi.PlaceholderVisual:Apply () (at Assets/Scripts/Visuals/PlaceholderVisual.cs:38)
Cybershi.PlaceholderVisual:OnValidate () (at Assets/Scripts/Visuals/PlaceholderVisual.cs:31)

[Assets/Scripts/Visuals/PlaceholderVisual.cs line 38]

SendMessage cannot be called during Awake, CheckConsistency, or OnValidate (Visual: OnSpriteRendererBoundsChanged)
UnityEngine.Debug:ExtractStackTraceNoAlloc (byte*,int,string)
UnityEngine.StackTraceUtility:ExtractStackTrace ()
UnityEngine.SpriteRenderer:set_sprite (UnityEngine.Sprite)
Cybershi.PlaceholderVisual:Apply () (at Assets/Scripts/Visuals/PlaceholderVisual.cs:38)
Cybershi.PlaceholderVisual:OnValidate () (at Assets/Scripts/Visuals/PlaceholderVisual.cs:31)

[Assets/Scripts/Visuals/PlaceholderVisual.cs line 38]

SendMessage cannot be called during Awake, CheckConsistency, or OnValidate (Visual: OnSpriteTilingPropertyChange)
UnityEngine.Debug:ExtractStackTraceNoAlloc (byte*,int,string)
UnityEngine.StackTraceUtility:ExtractStackTrace ()
UnityEngine.SpriteRenderer:set_sprite (UnityEngine.Sprite)
Cybershi.PlaceholderVisual:Apply () (at Assets/Scripts/Visuals/PlaceholderVisual.cs:38)
Cybershi.PlaceholderVisual:OnValidate () (at Assets/Scripts/Visuals/PlaceholderVisual.cs:31)

[Assets/Scripts/Visuals/PlaceholderVisual.cs line 38]

SendMessage cannot be called during Awake, CheckConsistency, or OnValidate (Visual: OnSpriteRendererBoundsChanged)
UnityEngine.Debug:ExtractStackTraceNoAlloc (byte*,int,string)
UnityEngine.StackTraceUtility:ExtractStackTrace ()
UnityEngine.SpriteRenderer:set_sprite (UnityEngine.Sprite)
Cybershi.PlaceholderVisual:Apply () (at Assets/Scripts/Visuals/PlaceholderVisual.cs:38)
Cybershi.PlaceholderVisual:OnValidate () (at Assets/Scripts/Visuals/PlaceholderVisual.cs:31)

[Assets/Scripts/Visuals/PlaceholderVisual.cs line 38]

SendMessage cannot be called during Awake, CheckConsistency, or OnValidate (Visual: OnSpriteTilingPropertyChange)
UnityEngine.Debug:ExtractStackTraceNoAlloc (byte*,int,string)
UnityEngine.StackTraceUtility:ExtractStackTrace ()
UnityEngine.SpriteRenderer:set_sprite (UnityEngine.Sprite)
Cybershi.PlaceholderVisual:Apply () (at Assets/Scripts/Visuals/PlaceholderVisual.cs:38)
Cybershi.PlaceholderVisual:OnValidate () (at Assets/Scripts/Visuals/PlaceholderVisual.cs:31)

[Assets/Scripts/Visuals/PlaceholderVisual.cs line 38]

SendMessage cannot be called during Awake, CheckConsistency, or OnValidate (Visual: OnSpriteRendererBoundsChanged)
UnityEngine.Debug:ExtractStackTraceNoAlloc (byte*,int,string)
UnityEngine.StackTraceUtility:ExtractStackTrace ()
UnityEngine.SpriteRenderer:set_sprite (UnityEngine.Sprite)
Cybershi.PlaceholderVisual:Apply () (at Assets/Scripts/Visuals/PlaceholderVisual.cs:38)
Cybershi.PlaceholderVisual:OnValidate () (at Assets/Scripts/Visuals/PlaceholderVisual.cs:31)

[Assets/Scripts/Visuals/PlaceholderVisual.cs line 38]

SendMessage cannot be called during Awake, CheckConsistency, or OnValidate (Visual: OnSpriteTilingPropertyChange)
UnityEngine.Debug:ExtractStackTraceNoAlloc (byte*,int,string)
UnityEngine.StackTraceUtility:ExtractStackTrace ()
UnityEngine.SpriteRenderer:set_sprite (UnityEngine.Sprite)
Cybershi.PlaceholderVisual:Apply () (at Assets/Scripts/Visuals/PlaceholderVisual.cs:38)
Cybershi.PlaceholderVisual:OnValidate () (at Assets/Scripts/Visuals/PlaceholderVisual.cs:31)

[Assets/Scripts/Visuals/PlaceholderVisual.cs line 38]

 -> (Import Result ID: '5bbaee2eff865e996dc0352368c9e784') in 0.0695918 seconds [static and dynamic dependencies]. Details - ImportResultOutputID=579b70fa12894c79a217ee50f3b83151 DependenciesID=06a749a1d54baa6fd721cec3f6896a82 StaticDependenciesID=8806e5aaad7afcb71e5e9973dda46bbf 
Number of updated asset objects reloaded before import = 0Number of asset objects unloaded after import = 40

========================================================================
Received Import Request.
  Time since last request: 6.309797 seconds.
  path: Assets/Prefabs/Coin.prefab
  importAddress: Guid(16da74ffb572ed0429eed272a16a3757) Importer(815301076,1909f56bfc062723c751e8b465ee728b)
Start importing Assets/Prefabs/Coin.prefab using Guid(16da74ffb572ed0429eed272a16a3757) Importer(815301076,1909f56bfc062723c751e8b465ee728b) (PreviewImporter)SendMessage cannot be called during Awake, CheckConsistency, or OnValidate (Visual: OnSpriteRendererBoundsChanged)
UnityEngine.Debug:ExtractStackTraceNoAlloc (byte*,int,string)
UnityEngine.StackTraceUtility:ExtractStackTrace ()
UnityEngine.SpriteRenderer:set_sprite (UnityEngine.Sprite)
Cybershi.PlaceholderVisual:Apply () (at Assets/Scripts/Visuals/PlaceholderVisual.cs:38)
Cybershi.PlaceholderVisual:OnValidate () (at Assets/Scripts/Visuals/PlaceholderVisual.cs:31)

[Assets/Scripts/Visuals/PlaceholderVisual.cs line 38]

SendMessage cannot be called during Awake, CheckConsistency, or OnValidate (Visual: OnSpriteTilingPropertyChange)
UnityEngine.Debug:ExtractStackTraceNoAlloc (byte*,int,string)
UnityEngine.StackTraceUtility:ExtractStackTrace ()
UnityEngine.SpriteRenderer:set_sprite (UnityEngine.Sprite)
Cybershi.PlaceholderVisual:Apply () (at Assets/Scripts/Visuals/PlaceholderVisual.cs:38)
Cybershi.PlaceholderVisual:OnValidate () (at Assets/Scripts/Visuals/PlaceholderVisual.cs:31)

[Assets/Scripts/Visuals/PlaceholderVisual.cs line 38]

 -> (Import Result ID: '7fab607e195e8ef8ab7c5e5b2c6ac025') in 0.0177803 seconds [static and dynamic dependencies]. Details - ImportResultOutputID=05ac674bc0acdd8187f69fc53d82226b DependenciesID=c7127d0eca10500d8addd562f71ea8c5 StaticDependenciesID=ae76d1f81c956235683b575678ec55e0 
Number of updated asset objects reloaded before import = 0Number of asset objects unloaded after import = 10

========================================================================
Received Import Request.
  Time since last request: 1.061980 seconds.
  path: Assets/Prefabs/Enemy_Drone.prefab
  importAddress: Guid(43ef3204f6add834096c2982064c5408) Importer(815301076,1909f56bfc062723c751e8b465ee728b)
Start importing Assets/Prefabs/Enemy_Drone.prefab using Guid(43ef3204f6add834096c2982064c5408) Importer(815301076,1909f56bfc062723c751e8b465ee728b) (PreviewImporter)SendMessage cannot be called during Awake, CheckConsistency, or OnValidate (Visual: OnSpriteRendererBoundsChanged)
UnityEngine.Debug:ExtractStackTraceNoAlloc (byte*,int,string)
UnityEngine.StackTraceUtility:ExtractStackTrace ()
UnityEngine.SpriteRenderer:set_sprite (UnityEngine.Sprite)
Cybershi.PlaceholderVisual:Apply () (at Assets/Scripts/Visuals/PlaceholderVisual.cs:38)
Cybershi.PlaceholderVisual:OnValidate () (at Assets/Scripts/Visuals/PlaceholderVisual.cs:31)

[Assets/Scripts/Visuals/PlaceholderVisual.cs line 38]

SendMessage cannot be called during Awake, CheckConsistency, or OnValidate (Visual: OnSpriteTilingPropertyChange)
UnityEngine.Debug:ExtractStackTraceNoAlloc (byte*,int,string)
UnityEngine.StackTraceUtility:ExtractStackTrace ()
UnityEngine.SpriteRenderer:set_sprite (UnityEngine.Sprite)
Cybershi.PlaceholderVisual:Apply () (at Assets/Scripts/Visuals/PlaceholderVisual.cs:38)
Cybershi.PlaceholderVisual:OnValidate () (at Assets/Scripts/Visuals/PlaceholderVisual.cs:31)

[Assets/Scripts/Visuals/PlaceholderVisual.cs line 38]

SendMessage cannot be called during Awake, CheckConsistency, or OnValidate (Visual: OnSpriteRendererBoundsChanged)
UnityEngine.Debug:ExtractStackTraceNoAlloc (byte*,int,string)
UnityEngine.StackTraceUtility:ExtractStackTrace ()
UnityEngine.SpriteRenderer:set_sprite (UnityEngine.Sprite)
Cybershi.PlaceholderVisual:Apply () (at Assets/Scripts/Visuals/PlaceholderVisual.cs:38)
Cybershi.PlaceholderVisual:OnValidate () (at Assets/Scripts/Visuals/PlaceholderVisual.cs:31)

[Assets/Scripts/Visuals/PlaceholderVisual.cs line 38]

SendMessage cannot be called during Awake, CheckConsistency, or OnValidate (Visual: OnSpriteTilingPropertyChange)
UnityEngine.Debug:ExtractStackTraceNoAlloc (byte*,int,string)
UnityEngine.StackTraceUtility:ExtractStackTrace ()
UnityEngine.SpriteRenderer:set_sprite (UnityEngine.Sprite)
Cybershi.PlaceholderVisual:Apply () (at Assets/Scripts/Visuals/PlaceholderVisual.cs:38)
Cybershi.PlaceholderVisual:OnValidate () (at Assets/Scripts/Visuals/PlaceholderVisual.cs:31)

[Assets/Scripts/Visuals/PlaceholderVisual.cs line 38]

SendMessage cannot be called during Awake, CheckConsistency, or OnValidate (Visual: OnSpriteRendererBoundsChanged)
UnityEngine.Debug:ExtractStackTraceNoAlloc (byte*,int,string)
UnityEngine.StackTraceUtility:ExtractStackTrace ()
UnityEngine.SpriteRenderer:set_sprite (UnityEngine.Sprite)
Cybershi.PlaceholderVisual:Apply () (at Assets/Scripts/Visuals/PlaceholderVisual.cs:38)
Cybershi.PlaceholderVisual:OnValidate () (at Assets/Scripts/Visuals/PlaceholderVisual.cs:31)

[Assets/Scripts/Visuals/PlaceholderVisual.cs line 38]

SendMessage cannot be called during Awake, CheckConsistency, or OnValidate (Visual: OnSpriteTilingPropertyChange)
UnityEngine.Debug:ExtractStackTraceNoAlloc (byte*,int,string)
UnityEngine.StackTraceUtility:ExtractStackTrace ()
UnityEngine.SpriteRenderer:set_sprite (UnityEngine.Sprite)
Cybershi.PlaceholderVisual:Apply () (at Assets/Scripts/Visuals/PlaceholderVisual.cs:38)
Cybershi.PlaceholderVisual:OnValidate () (at Assets/Scripts/Visuals/PlaceholderVisual.cs:31)

[Assets/Scripts/Visuals/PlaceholderVisual.cs line 38]

SendMessage cannot be called during Awake, CheckConsistency, or OnValidate (Visual: OnSpriteRendererBoundsChanged)
UnityEngine.Debug:ExtractStackTraceNoAlloc (byte*,int,string)
UnityEngine.StackTraceUtility:ExtractStackTrace ()
UnityEngine.SpriteRenderer:set_sprite (UnityEngine.Sprite)
Cybershi.PlaceholderVisual:Apply () (at Assets/Scripts/Visuals/PlaceholderVisual.cs:38)
Cybershi.PlaceholderVisual:OnValidate () (at Assets/Scripts/Visuals/PlaceholderVisual.cs:31)

[Assets/Scripts/Visuals/PlaceholderVisual.cs line 38]

SendMessage cannot be called during Awake, CheckConsistency, or OnValidate (Visual: OnSpriteTilingPropertyChange)
UnityEngine.Debug:ExtractStackTraceNoAlloc (byte*,int,string)
UnityEngine.StackTraceUtility:ExtractStackTrace ()
UnityEngine.SpriteRenderer:set_sprite (UnityEngine.Sprite)
Cybershi.PlaceholderVisual:Apply () (at Assets/Scripts/Visuals/PlaceholderVisual.cs:38)
Cybershi.PlaceholderVisual:OnValidate () (at Assets/Scripts/Visuals/PlaceholderVisual.cs:31)

[Assets/Scripts/Visuals/PlaceholderVisual.cs line 38]

 -> (Import Result ID: 'eb3fd02bf313d9282d3640b2ce458c23') in 0.016883 seconds [static and dynamic dependencies]. Details - ImportResultOutputID=6c33ed59106be8b5719f7f4f034d929b DependenciesID=20c879d8fc3137aa1ff36079ca3c36bb StaticDependenciesID=edf64c6bd6300bca2fcefc8f3faef770 
Number of updated asset objects reloaded before import = 0Number of asset objects unloaded after import = 40

========================================================================
Received Import Request.
  Time since last request: 0.532354 seconds.
  path: Assets/Prefabs/EnemyBullet.prefab
  importAddress: Guid(2c39d4e052668f0458c92615ed53f351) Importer(815301076,1909f56bfc062723c751e8b465ee728b)
Start importing Assets/Prefabs/EnemyBullet.prefab using Guid(2c39d4e052668f0458c92615ed53f351) Importer(815301076,1909f56bfc062723c751e8b465ee728b) (PreviewImporter)SendMessage cannot be called during Awake, CheckConsistency, or OnValidate (Visual: OnSpriteRendererBoundsChanged)
UnityEngine.Debug:ExtractStackTraceNoAlloc (byte*,int,string)
UnityEngine.StackTraceUtility:ExtractStackTrace ()
UnityEngine.SpriteRenderer:set_sprite (UnityEngine.Sprite)
Cybershi.PlaceholderVisual:Apply () (at Assets/Scripts/Visuals/PlaceholderVisual.cs:38)
Cybershi.PlaceholderVisual:OnValidate () (at Assets/Scripts/Visuals/PlaceholderVisual.cs:31)

[Assets/Scripts/Visuals/PlaceholderVisual.cs line 38]

SendMessage cannot be called during Awake, CheckConsistency, or OnValidate (Visual: OnSpriteTilingPropertyChange)
UnityEngine.Debug:ExtractStackTraceNoAlloc (byte*,int,string)
UnityEngine.StackTraceUtility:ExtractStackTrace ()
UnityEngine.SpriteRenderer:set_sprite (UnityEngine.Sprite)
Cybershi.PlaceholderVisual:Apply () (at Assets/Scripts/Visuals/PlaceholderVisual.cs:38)
Cybershi.PlaceholderVisual:OnValidate () (at Assets/Scripts/Visuals/PlaceholderVisual.cs:31)

[Assets/Scripts/Visuals/PlaceholderVisual.cs line 38]

SendMessage cannot be called during Awake, CheckConsistency, or OnValidate (Visual: OnSpriteRendererBoundsChanged)
UnityEngine.Debug:ExtractStackTraceNoAlloc (byte*,int,string)
UnityEngine.StackTraceUtility:ExtractStackTrace ()
UnityEngine.SpriteRenderer:set_sprite (UnityEngine.Sprite)
Cybershi.PlaceholderVisual:Apply () (at Assets/Scripts/Visuals/PlaceholderVisual.cs:38)
Cybershi.PlaceholderVisual:OnValidate () (at Assets/Scripts/Visuals/PlaceholderVisual.cs:31)

[Assets/Scripts/Visuals/PlaceholderVisual.cs line 38]

SendMessage cannot be called during Awake, CheckConsistency, or OnValidate (Visual: OnSpriteTilingPropertyChange)
UnityEngine.Debug:ExtractStackTraceNoAlloc (byte*,int,string)
UnityEngine.StackTraceUtility:ExtractStackTrace ()
UnityEngine.SpriteRenderer:set_sprite (UnityEngine.Sprite)
Cybershi.PlaceholderVisual:Apply () (at Assets/Scripts/Visuals/PlaceholderVisual.cs:38)
Cybershi.PlaceholderVisual:OnValidate () (at Assets/Scripts/Visuals/PlaceholderVisual.cs:31)

[Assets/Scripts/Visuals/PlaceholderVisual.cs line 38]

 -> (Import Result ID: 'a2edecc563aebd81215bd1ab3e054d49') in 0.0166141 seconds [static and dynamic dependencies]. Details - ImportResultOutputID=34167b53dad4271a34def4eb0e5db77c DependenciesID=eb90be2a31b56b62155dc950f2f1b61c StaticDependenciesID=fe9dc0e62cd4864325a68da697b45a77 
Number of updated asset objects reloaded before import = 0Number of asset objects unloaded after import = 17

========================================================================
Received Import Request.
  Time since last request: 0.198163 seconds.
  path: Assets/Prefabs/FX_Death.prefab
  importAddress: Guid(f6f22f10bb20791458423558086017d5) Importer(815301076,1909f56bfc062723c751e8b465ee728b)
Start importing Assets/Prefabs/FX_Death.prefab using Guid(f6f22f10bb20791458423558086017d5) Importer(815301076,1909f56bfc062723c751e8b465ee728b) (PreviewImporter)SendMessage cannot be called during Awake, CheckConsistency, or OnValidate (Visual: OnSpriteRendererBoundsChanged)
UnityEngine.Debug:ExtractStackTraceNoAlloc (byte*,int,string)
UnityEngine.StackTraceUtility:ExtractStackTrace ()
UnityEngine.SpriteRenderer:set_sprite (UnityEngine.Sprite)
Cybershi.PlaceholderVisual:Apply () (at Assets/Scripts/Visuals/PlaceholderVisual.cs:38)
Cybershi.PlaceholderVisual:OnValidate () (at Assets/Scripts/Visuals/PlaceholderVisual.cs:31)

[Assets/Scripts/Visuals/PlaceholderVisual.cs line 38]

SendMessage cannot be called during Awake, CheckConsistency, or OnValidate (Visual: OnSpriteTilingPropertyChange)
UnityEngine.Debug:ExtractStackTraceNoAlloc (byte*,int,string)
UnityEngine.StackTraceUtility:ExtractStackTrace ()
UnityEngine.SpriteRenderer:set_sprite (UnityEngine.Sprite)
Cybershi.PlaceholderVisual:Apply () (at Assets/Scripts/Visuals/PlaceholderVisual.cs:38)
Cybershi.PlaceholderVisual:OnValidate () (at Assets/Scripts/Visuals/PlaceholderVisual.cs:31)

[Assets/Scripts/Visuals/PlaceholderVisual.cs line 38]

 -> (Import Result ID: '318d99e5f8074dad0368c853547f2f67') in 0.017369 seconds [static and dynamic dependencies]. Details - ImportResultOutputID=9d5058a8521a8aea758c5b1593c88319 DependenciesID=ce662a1b3ea4c4ca83d5b68c5b4f7f60 StaticDependenciesID=1836310dd70cec59dcf51c6569fe820c 
Number of updated asset objects reloaded before import = 0Number of asset objects unloaded after import = 9

========================================================================
Received Import Request.
  Time since last request: 0.711256 seconds.
  path: Assets/Prefabs/FX_Graze.prefab
  importAddress: Guid(fc3642dc740968949b28c497423bca2f) Importer(815301076,1909f56bfc062723c751e8b465ee728b)
Start importing Assets/Prefabs/FX_Graze.prefab using Guid(fc3642dc740968949b28c497423bca2f) Importer(815301076,1909f56bfc062723c751e8b465ee728b) (PreviewImporter)SendMessage cannot be called during Awake, CheckConsistency, or OnValidate (Visual: OnSpriteRendererBoundsChanged)
UnityEngine.Debug:ExtractStackTraceNoAlloc (byte*,int,string)
UnityEngine.StackTraceUtility:ExtractStackTrace ()
UnityEngine.SpriteRenderer:set_sprite (UnityEngine.Sprite)
Cybershi.PlaceholderVisual:Apply () (at Assets/Scripts/Visuals/PlaceholderVisual.cs:38)
Cybershi.PlaceholderVisual:OnValidate () (at Assets/Scripts/Visuals/PlaceholderVisual.cs:31)

[Assets/Scripts/Visuals/PlaceholderVisual.cs line 38]

SendMessage cannot be called during Awake, CheckConsistency, or OnValidate (Visual: OnSpriteTilingPropertyChange)
UnityEngine.Debug:ExtractStackTraceNoAlloc (byte*,int,string)
UnityEngine.StackTraceUtility:ExtractStackTrace ()
UnityEngine.SpriteRenderer:set_sprite (UnityEngine.Sprite)
Cybershi.PlaceholderVisual:Apply () (at Assets/Scripts/Visuals/PlaceholderVisual.cs:38)
Cybershi.PlaceholderVisual:OnValidate () (at Assets/Scripts/Visuals/PlaceholderVisual.cs:31)

[Assets/Scripts/Visuals/PlaceholderVisual.cs line 38]

 -> (Import Result ID: '8c12cf63fcb632cfc506536f0c81d5bf') in 0.0179624 seconds [static and dynamic dependencies]. Details - ImportResultOutputID=cdd1074966db6ed722ceab90c47affba DependenciesID=b0dc2e37f72de0a2cfbe437cb5862a03 StaticDependenciesID=d88073e574623c41e01671d9a4848504 
Number of updated asset objects reloaded before import = 0Number of asset objects unloaded after import = 9

========================================================================
Received Prepare
Begin MonoManager ReloadAssembly
[Licensing::Client] Successfully resolved entitlement details
Duplicate assembly 'System.Runtime.CompilerServices.Unsafe.dll' with different versions detected, using 'Packages/com.unity.ai.assistant/Plugins/Shared/System.Runtime.CompilerServices.Unsafe.dll, AssemblyName=System.Runtime.CompilerServices.Unsafe, Version=6.0.3.0, Culture=neutral, PublicKeyToken=b03f5f7f11d50a3a' and ignoring 'Packages/com.unity.collections/Unity.Collections.Tests/System.Runtime.CompilerServices.Unsafe/System.Runtime.CompilerServices.Unsafe.dll, AssemblyName=System.Runtime.CompilerServices.Unsafe, Version=6.0.0.0, Culture=neutral, PublicKeyToken=b03f5f7f11d50a3a'.Assembly Assembly-CSharp-Editor-firstpass.dll at Library/ScriptAssemblies/Assembly-CSharp-Editor-firstpass.dll not valid. Loading of assembly skipped.
Assembly Assembly-CSharp-Editor.dll at Library/ScriptAssemblies/Assembly-CSharp-Editor.dll not valid. Loading of assembly skipped.
Assembly Assembly-CSharp-firstpass.dll at Library/ScriptAssemblies/Assembly-CSharp-firstpass.dll not valid. Loading of assembly skipped.
Assembly TestNewCustomAssembly.dll at Library/ScriptAssemblies/TestNewCustomAssembly.dll not valid. Loading of assembly skipped.
Assembly Unity.2D.Sprite.Package.EditorTests.dll at Library/ScriptAssemblies/Unity.2D.Sprite.Package.EditorTests.dll not valid. Loading of assembly skipped.
Assembly Unity.AI.Assistant.Integrations.Sample.Editor.dll at Library/ScriptAssemblies/Unity.AI.Assistant.Integrations.Sample.Editor.dll not valid. Loading of assembly skipped.
Assembly Unity.AppUI.Editor.Tests.dll at Library/ScriptAssemblies/Unity.AppUI.Editor.Tests.dll not valid. Loading of assembly skipped.
Assembly Unity.AppUI.Tests.dll at Library/ScriptAssemblies/Unity.AppUI.Tests.dll not valid. Loading of assembly skipped.
Assembly Unity.Collections.BurstCompatibilityGen.dll at Library/ScriptAssemblies/Unity.Collections.BurstCompatibilityGen.dll not valid. Loading of assembly skipped.
Assembly Unity.Collections.DocCodeSamples.dll at Library/ScriptAssemblies/Unity.Collections.DocCodeSamples.dll not valid. Loading of assembly skipped.
Assembly Unity.Collections.PerformanceTests.dll at Library/ScriptAssemblies/Unity.Collections.PerformanceTests.dll not valid. Loading of assembly skipped.
Assembly Unity.Collections.Tests.dll at Library/ScriptAssemblies/Unity.Collections.Tests.dll not valid. Loading of assembly skipped.
Assembly Unity.Collections.Tests.Playmode.dll at Library/ScriptAssemblies/Unity.Collections.Tests.Playmode.dll not valid. Loading of assembly skipped.
Assembly Unity.Mathematics.Tests.dll at Library/ScriptAssemblies/Unity.Mathematics.Tests.dll not valid. Loading of assembly skipped.
Assembly Unity.Multiplayer.Center.Editor.Tests.dll at Library/ScriptAssemblies/Unity.Multiplayer.Center.Editor.Tests.dll not valid. Loading of assembly skipped.
Assembly Unity.Multiplayer.Center.Tests.dll at Library/ScriptAssemblies/Unity.Multiplayer.Center.Tests.dll not valid. Loading of assembly skipped.
Assembly Unity.Nuget.Mono-Cecil.dll at Library/ScriptAssemblies/Unity.Nuget.Mono-Cecil.dll not valid. Loading of assembly skipped.
Assembly Unity.TextMeshPro.Editor.Tests.dll at Library/ScriptAssemblies/Unity.TextMeshPro.Editor.Tests.dll not valid. Loading of assembly skipped.
Assembly Unity.TextMeshPro.Tests.dll at Library/ScriptAssemblies/Unity.TextMeshPro.Tests.dll not valid. Loading of assembly skipped.
Assembly UnityEditor.UI.Common.Tests.dll at Library/ScriptAssemblies/UnityEditor.UI.Common.Tests.dll not valid. Loading of assembly skipped.
Assembly UnityEditor.UI.EditorTests.dll at Library/ScriptAssemblies/UnityEditor.UI.EditorTests.dll not valid. Loading of assembly skipped.
Assembly UnityEngine.UI.Tests.dll at Library/ScriptAssemblies/UnityEngine.UI.Tests.dll not valid. Loading of assembly skipped.
Symbol file LoadedFromMemory is not a mono symbol file
Symbol file LoadedFromMemory is not a mono symbol file
Refreshing native plugins compatible for Editor in 2.24 ms, found 1 plugins.
Native extension for WindowsStandalone target not found
Native extension for WebGL target not found
[Package Manager] Failed to launch server process. Reason: Unity was launched with the -noUpm command-line argument
[Package Manager] Unable to send message (not connected to server process).
[Package Manager] Cannot connect to Unity Package Manager local server
Duplicate assembly 'System.Runtime.CompilerServices.Unsafe.dll' with different versions detected, using 'Packages/com.unity.ai.assistant/Plugins/Shared/System.Runtime.CompilerServices.Unsafe.dll, AssemblyName=System.Runtime.CompilerServices.Unsafe, Version=6.0.3.0, Culture=neutral, PublicKeyToken=b03f5f7f11d50a3a' and ignoring 'Packages/com.unity.collections/Unity.Collections.Tests/System.Runtime.CompilerServices.Unsafe/System.Runtime.CompilerServices.Unsafe.dll, AssemblyName=System.Runtime.CompilerServices.Unsafe, Version=6.0.0.0, Culture=neutral, PublicKeyToken=b03f5f7f11d50a3a'.[Licensing::Client] Error: Code 404 while processing request (status: Found 0 entitlement groups and 0 free entitlements matching requested entitlement ids)
[Licensing::Client] Error: Code 404 while processing request (status: Found 0 entitlement groups and 0 free entitlements matching requested entitlement ids)
[Licensing::Client] Error: Code 404 while processing request (status: Found 0 entitlement groups and 0 free entitlements matching requested entitlement ids)
ScheduleIndexationOnStartup MainProcess:False IndexOnStartup:True
Mono: successfully reloaded assembly
- Finished resetting the current domain, in  0.819 seconds
Domain Reload Profiling: 1406ms
	BeginReloadAssembly (178ms)
		DisableScriptedObjects (3ms)
		CreateAndSetChildDomain (69ms)
	RebuildCommonClasses (26ms)
	RebuildNativeTypeToScriptingClass (9ms)
	initialDomainReloadingComplete (60ms)
	LoadAllAssembliesAndSetupDomain (314ms)
		LoadAssemblies (238ms)
		AnalyzeDomain (132ms)
			TypeCache.Refresh (4ms)
			BuildScriptInfoCaches (124ms)
	FinalizeReload (819ms)
		SetupLoadedEditorAssemblies (0ms)
			BeforeProcessingInitializeOnLoad (122ms)
			ProcessInitializeOnLoadAttributes (284ms)
			ProcessInitializeOnLoadMethodAttributes (297ms)
			AfterProcessingInitializeOnLoad (9ms)
		AwakeInstancesAfterBackupRestoration (7ms)
Unloading 43 Unused Serialized files (Serialized files now loaded: 0)
Unloading 4929 unused Assets / (16.4 MB). Loaded Objects now: 5565.
Memory consumption went from 140.9 MB to 124.5 MB.
Total: 18.015700 ms (FindLiveObjects: 0.804300 ms CreateObjectMapping: 0.597600 ms MarkObjects: 11.453700 ms  DeleteObjects: 5.157100 ms)

Prepare: number of updated asset objects reloaded= 0
